2026-02-11T22:07:08.078494Z  INFO Starting trunk 0.21.14
2026-02-11T22:07:08.079518Z  INFO starting build
trunk :    Compiling glassbox v0.1.0 
(D:\AI and  datascience 
projects\Project 8\glassbox)
At line:1 char:1
+ trunk build 2>&1 | Out-File 
-Encoding utf8 trunk_build_final.log
+ ~~~~~~~~~~~~~~~~
    + CategoryInfo          : NotSpec 
   ified: (   Compiling gl...ect 8\g  
  lassbox):String) [], RemoteExcept   
 ion
    + FullyQualifiedErrorId : NativeC 
   ommandError
 
warning: function `save_video` is 
never used
  --> src\model\video.rs:28:14
   |
28 | pub async fn save_video(video: 
Video) -> Result<Video, String> {
   |              ^^^^^^^^^^
   |
   = note: `#[warn(dead_code)]` (part 
of `#[warn(unused)]`) on by default

warning: struct `PipedResponse` is 
never constructed
 --> src\API\youtube.rs:7:8
  |
7 | struct PipedResponse {
  |        ^^^^^^^^^^^^^

warning: struct `PipedRelated` is 
never constructed
  --> src\API\youtube.rs:20:8
   |
20 | struct PipedRelated {
   |        ^^^^^^^^^^^^

warning: constant `PIPED_INSTANCES` 
is never used
  --> src\API\youtube.rs:24:7
   |
24 | const PIPED_INSTANCES: &[&str] = 
&[
   |       ^^^^^^^^^^^^^^^

warning: function `try_fetch` is 
never used
  --> src\API\youtube.rs:60:10
   |
60 | async fn try_fetch(client: 
&Client, url: &str, video_id: &str) 
-> Result<Video, String> {
   |          ^^^^^^^^^

warning: module `API` should have a 
snake case name
  --> src\main.rs:17:5
   |
17 | mod API;
   |     ^^^ help: convert the 
identifier to snake case: `api`
   |
   = note: `#[warn(non_snake_case)]` 
(part of 
`#[warn(nonstandard_style)]`) on by 
default

warning: `glassbox` (bin "glassbox") 
generated 6 warnings
    Finished `dev` profile 
[unoptimized + debuginfo] target(s) 
in 5.20s
2026-02-11T22:07:20.271634Z  INFO applying new distribution
2026-02-11T22:07:20.297847Z  INFO success
